<?xml version="1.0" encoding="utf-8"?><testsuites><testsuite name="pytest" errors="0" failures="0" skipped="0" tests="0" time="0.034" timestamp="2024-05-25T07:35:30.693208" hostname="dy9qmw" /></testsuites>